<?xml version="1.0" encoding="UTF-8"?>
<!-- Generated by org.testng.reporters.JUnitReportReporter -->
<testsuite hostname="sivas7008" failures="0" tests="1" name="api.endpoints.Login" time="4.192" errors="0" timestamp="2024-10-17T08:31:40 CDT" skipped="0">
  <testcase classname="api.endpoints.Login" name="createLogin" time="4.192"/>
  <system-out/>
</testsuite> <!-- api.endpoints.Login -->
