<?xml version="1.0" encoding="UTF-8"?>
<!-- Generated by org.testng.reporters.JUnitReportReporter -->
<testsuite hostname="sivas7008" failures="0" tests="8" name="api.test.UserTests" time="20.299" errors="0" timestamp="2024-10-19T13:12:35 CDT" skipped="0">
  <testcase classname="api.test.UserTests" name="testPostUser" time="14.635"/>
  <system-out/>
  <testcase classname="api.test.UserTests" name="testGetUser" time="2.732"/>
  <system-out/>
  <testcase classname="api.test.UserTests" name="testGetUserByName" time="0.803"/>
  <system-out/>
  <testcase classname="api.test.UserTests" name="testGetUserById" time="0.411"/>
  <system-out/>
  <testcase classname="api.test.UserTests" name="testPutUserById" time="0.478"/>
  <system-out/>
  <testcase classname="api.test.UserTests" name="testDeleteUserByName" time="0.395"/>
  <system-out/>
  <testcase classname="api.test.UserTests" name="testPostUseragain" time="0.449"/>
  <system-out/>
  <testcase classname="api.test.UserTests" name="testDeleteUserById" time="0.396"/>
  <system-out/>
</testsuite> <!-- api.test.UserTests -->
