<?xml version="1.0" encoding="UTF-8"?>
<!-- Generated by org.testng.reporters.JUnitReportReporter -->
<testsuite hostname="sivas7008" failures="0" tests="8" name="api.test.UserTests" time="8.620" errors="0" timestamp="2024-10-19T13:51:09 CDT" skipped="0">
  <testcase classname="api.test.UserTests" name="testPostUser" time="4.161"/>
  <testcase classname="api.test.UserTests" name="testGetUser" time="1.810"/>
  <testcase classname="api.test.UserTests" name="testGetUserByName" time="0.500"/>
  <testcase classname="api.test.UserTests" name="testGetUserById" time="0.384"/>
  <testcase classname="api.test.UserTests" name="testPutUserById" time="0.500"/>
  <testcase classname="api.test.UserTests" name="testDeleteUserByName" time="0.392"/>
  <testcase classname="api.test.UserTests" name="testPostUseragain" time="0.473"/>
  <testcase classname="api.test.UserTests" name="testDeleteUserById" time="0.400"/>
</testsuite> <!-- api.test.UserTests -->
